0 info it worked if it ends with ok
1 verbose cli [ 'C:\\Program Files\\nodejs\\node.exe',
1 verbose cli   'C:\\Users\\yutia\\AppData\\Roaming\\npm\\node_modules\\npm\\bin\\npm-cli.js',
1 verbose cli   'start' ]
2 info using npm@4.1.2
3 info using node@v7.3.0
4 verbose run-script [ 'prestart', 'start', 'poststart' ]
5 info lifecycle quantaxisspider@0.0.1~prestart: quantaxisspider@0.0.1
6 silly lifecycle quantaxisspider@0.0.1~prestart: no script for prestart, continuing
7 info lifecycle quantaxisspider@0.0.1~start: quantaxisspider@0.0.1
8 verbose lifecycle quantaxisspider@0.0.1~start: unsafe-perm in lifecycle true
9 verbose lifecycle quantaxisspider@0.0.1~start: PATH: C:\Users\yutia\AppData\Roaming\npm\node_modules\npm\bin\node-gyp-bin;C:\quantaxis\QUANTAXISWebkit\backend\node_modules\.bin;C:\Program Files\cmder\vendor\conemu-maximus5\ConEmu\Scripts;C:\Program Files\cmder\vendor\conemu-maximus5;C:\Program Files\cmder\vendor\conemu-maximus5\ConEmu;C:\Program Files (x86)\iis express\PHP\v5.5;C:\ProgramData\Oracle\Java\javapath;C:\WINDOWS\system32;C:\WINDOWS;C:\WINDOWS\System32\Wbem;C:\WINDOWS\System32\WindowsPowerShell\v1.0\;C:\Program Files\MATLAB\R2016b\runtime\win64;C:\Program Files\MATLAB\R2016b\bin;C:\Program Files (x86)\MySQL\MySQL Fabric 1.5 & MySQL Utilities 1.5\;C:\Program Files (x86)\MySQL\MySQL Fabric 1.5 & MySQL Utilities 1.5\Doctrine extensions for PHP\;C:\Users\yutia\.dnx\bin;C:\Program Files\Microsoft DNX\Dnvm\;C:\Program Files\Microsoft SQL Server\120\Tools\Binn\;C:\Program Files\Microsoft SQL Server\130\Tools\Binn\;C:\Program Files (x86)\Microsoft Emulator Manager\1.0\;C:\Program Files (x86)\Windows Kits\10\Windows Performance Toolkit\;C:\Program Files\Microsoft\Web Platform Installer\;C:\Users\yutia\AppData\Local\Microsoft\WindowsApps;C:\Program Files (x86)\Microsoft VS Code\bin;C:;C:\WINDOWS\system32;C:\WINDOWS;C:\WINDOWS\System32\Wbem;C:\WINDOWS\System32\WindowsPowerShell\v1.0\;C:\Program Files\Git\cmd;C:\Program Files\Git\mingw64\bin;C:\Program Files\Git\usr\bin;C:\Program Files\nodejs\;C:\Program Files\Redis\;C:\Program Files\MongoDB\Server\3.2\bin;D:\Projects\Projects\craw;D:\Projects\Projects\craw\webdriver;C:\Program Files\MATLAB\R2016b\polyspace\bin;C:\Program Files\MySQL\MySQL Server 5.7\bin;C:\ProgramData\Anaconda3;C:\ProgramData\Anaconda3\Scripts;C:\ProgramData\Anaconda3\Library\bin;D:\Projects\share\ParadoxTrading;C:\quantaxis;C:\Program Files (x86)\Pandoc\;C:\Ruby23-x64\bin;C:\Users\yutia\.cargo\bin;C:\Users\yutia\AppData\Roaming\npm;C:\Users\yutia\AppData\Local\atom\bin;C:\Wind\Wind.NET.Client\WindNET\bin\
10 verbose lifecycle quantaxisspider@0.0.1~start: CWD: C:\quantaxis\QUANTAXISWebkit\backend
11 silly lifecycle quantaxisspider@0.0.1~start: Args: [ '/d /s /c', 'node ./bin/www' ]
12 silly lifecycle quantaxisspider@0.0.1~start: Returned: code: 1  signal: null
13 info lifecycle quantaxisspider@0.0.1~start: Failed to exec start script
14 verbose stack Error: quantaxisspider@0.0.1 start: `node ./bin/www`
14 verbose stack Exit status 1
14 verbose stack     at EventEmitter.<anonymous> (C:\Users\yutia\AppData\Roaming\npm\node_modules\npm\lib\utils\lifecycle.js:279:16)
14 verbose stack     at emitTwo (events.js:106:13)
14 verbose stack     at EventEmitter.emit (events.js:191:7)
14 verbose stack     at ChildProcess.<anonymous> (C:\Users\yutia\AppData\Roaming\npm\node_modules\npm\lib\utils\spawn.js:40:14)
14 verbose stack     at emitTwo (events.js:106:13)
14 verbose stack     at ChildProcess.emit (events.js:191:7)
14 verbose stack     at maybeClose (internal/child_process.js:885:16)
14 verbose stack     at Process.ChildProcess._handle.onexit (internal/child_process.js:226:5)
15 verbose pkgid quantaxisspider@0.0.1
16 verbose cwd C:\quantaxis\QUANTAXISWebkit\backend
17 error Windows_NT 10.0.15063
18 error argv "C:\\Program Files\\nodejs\\node.exe" "C:\\Users\\yutia\\AppData\\Roaming\\npm\\node_modules\\npm\\bin\\npm-cli.js" "start"
19 error node v7.3.0
20 error npm  v4.1.2
21 error code ELIFECYCLE
22 error quantaxisspider@0.0.1 start: `node ./bin/www`
22 error Exit status 1
23 error Failed at the quantaxisspider@0.0.1 start script 'node ./bin/www'.
23 error Make sure you have the latest version of node.js and npm installed.
23 error If you do, this is most likely a problem with the quantaxisspider package,
23 error not with npm itself.
23 error Tell the author that this fails on your system:
23 error     node ./bin/www
23 error You can get information on how to open an issue for this project with:
23 error     npm bugs quantaxisspider
23 error Or if that isn't available, you can get their info via:
23 error     npm owner ls quantaxisspider
23 error There is likely additional logging output above.
24 verbose exit [ 1, true ]
